{"/home/iuk/Projetos/transfeera/src/app/Domains/Recipient/Parser.js": {"path":"/home/iuk/Projetos/transfeera/src/app/Domains/Recipient/Parser.js","all":false,"statementMap":{"0":{"start":{"line":1,"column":0},"end":{"line":1,"column":25}},"1":{"start":{"line":2,"column":0},"end":{"line":2,"column":0}},"2":{"start":{"line":3,"column":0},"end":{"line":3,"column":47}},"3":{"start":{"line":4,"column":0},"end":{"line":4,"column":12}},"4":{"start":{"line":5,"column":0},"end":{"line":5,"column":29}},"5":{"start":{"line":6,"column":0},"end":{"line":6,"column":31}},"6":{"start":{"line":7,"column":0},"end":{"line":7,"column":56}},"7":{"start":{"line":8,"column":0},"end":{"line":8,"column":29}},"8":{"start":{"line":9,"column":0},"end":{"line":9,"column":33}},"9":{"start":{"line":10,"column":0},"end":{"line":10,"column":45}},"10":{"start":{"line":11,"column":0},"end":{"line":11,"column":35}},"11":{"start":{"line":12,"column":0},"end":{"line":12,"column":47}},"12":{"start":{"line":13,"column":0},"end":{"line":13,"column":44}},"13":{"start":{"line":14,"column":0},"end":{"line":14,"column":5}},"14":{"start":{"line":15,"column":0},"end":{"line":15,"column":1}},"15":{"start":{"line":16,"column":0},"end":{"line":16,"column":0}},"16":{"start":{"line":17,"column":0},"end":{"line":17,"column":33}}},"s":{"0":1,"1":1,"2":1,"3":1,"4":1,"5":1,"6":1,"7":1,"8":1,"9":1,"10":1,"11":1,"12":1,"13":1,"14":1,"15":1,"16":1},"branchMap":{"0":{"type":"branch","line":3,"loc":{"start":{"line":3,"column":32},"end":{"line":15,"column":1}},"locations":[{"start":{"line":3,"column":32},"end":{"line":15,"column":1}}]}},"b":{"0":[1]},"fnMap":{"0":{"name":"Object.<anonymous>.recipientParser.parserCreate","decl":{"start":{"line":3,"column":32},"end":{"line":15,"column":1}},"loc":{"start":{"line":3,"column":32},"end":{"line":15,"column":1}},"line":3}},"f":{"0":1}}
,"/home/iuk/Projetos/transfeera/src/app/Domains/Recipient/Validator.js": {"path":"/home/iuk/Projetos/transfeera/src/app/Domains/Recipient/Validator.js","all":false,"statementMap":{"0":{"start":{"line":1,"column":0},"end":{"line":1,"column":28}},"1":{"start":{"line":2,"column":0},"end":{"line":2,"column":0}},"2":{"start":{"line":3,"column":0},"end":{"line":3,"column":52}},"3":{"start":{"line":4,"column":0},"end":{"line":4,"column":37}},"4":{"start":{"line":5,"column":0},"end":{"line":5,"column":30}},"5":{"start":{"line":6,"column":0},"end":{"line":6,"column":31}},"6":{"start":{"line":7,"column":0},"end":{"line":7,"column":1}},"7":{"start":{"line":8,"column":0},"end":{"line":8,"column":0}},"8":{"start":{"line":9,"column":0},"end":{"line":9,"column":46}},"9":{"start":{"line":10,"column":0},"end":{"line":10,"column":48}},"10":{"start":{"line":11,"column":0},"end":{"line":11,"column":31}},"11":{"start":{"line":12,"column":0},"end":{"line":12,"column":75}},"12":{"start":{"line":13,"column":0},"end":{"line":13,"column":57}},"13":{"start":{"line":14,"column":0},"end":{"line":14,"column":9}},"14":{"start":{"line":15,"column":0},"end":{"line":15,"column":7}},"15":{"start":{"line":16,"column":0},"end":{"line":16,"column":1}},"16":{"start":{"line":17,"column":0},"end":{"line":17,"column":0}},"17":{"start":{"line":18,"column":0},"end":{"line":18,"column":39}},"18":{"start":{"line":19,"column":0},"end":{"line":19,"column":20}},"19":{"start":{"line":20,"column":0},"end":{"line":20,"column":21}},"20":{"start":{"line":21,"column":0},"end":{"line":21,"column":23}},"21":{"start":{"line":22,"column":0},"end":{"line":22,"column":44}},"22":{"start":{"line":23,"column":0},"end":{"line":23,"column":16}},"23":{"start":{"line":24,"column":0},"end":{"line":24,"column":28}},"24":{"start":{"line":25,"column":0},"end":{"line":25,"column":37}},"25":{"start":{"line":26,"column":0},"end":{"line":26,"column":9}},"26":{"start":{"line":27,"column":0},"end":{"line":27,"column":5}},"27":{"start":{"line":28,"column":0},"end":{"line":28,"column":96}},"28":{"start":{"line":29,"column":0},"end":{"line":29,"column":1}},"29":{"start":{"line":30,"column":0},"end":{"line":30,"column":0}},"30":{"start":{"line":31,"column":0},"end":{"line":31,"column":40}},"31":{"start":{"line":32,"column":0},"end":{"line":32,"column":20}},"32":{"start":{"line":33,"column":0},"end":{"line":33,"column":24}},"33":{"start":{"line":34,"column":0},"end":{"line":34,"column":25}},"34":{"start":{"line":35,"column":0},"end":{"line":35,"column":27}},"35":{"start":{"line":36,"column":0},"end":{"line":36,"column":48}},"36":{"start":{"line":37,"column":0},"end":{"line":37,"column":20}},"37":{"start":{"line":38,"column":0},"end":{"line":38,"column":31}},"38":{"start":{"line":39,"column":0},"end":{"line":39,"column":41}},"39":{"start":{"line":40,"column":0},"end":{"line":40,"column":14}},"40":{"start":{"line":41,"column":0},"end":{"line":41,"column":84}},"41":{"start":{"line":42,"column":0},"end":{"line":42,"column":10}},"42":{"start":{"line":43,"column":0},"end":{"line":43,"column":18}},"43":{"start":{"line":44,"column":0},"end":{"line":44,"column":26}},"44":{"start":{"line":45,"column":0},"end":{"line":45,"column":27}},"45":{"start":{"line":46,"column":0},"end":{"line":46,"column":49}},"46":{"start":{"line":47,"column":0},"end":{"line":47,"column":20}},"47":{"start":{"line":48,"column":0},"end":{"line":48,"column":31}},"48":{"start":{"line":49,"column":0},"end":{"line":49,"column":39}},"49":{"start":{"line":50,"column":0},"end":{"line":50,"column":14}},"50":{"start":{"line":51,"column":0},"end":{"line":51,"column":69}},"51":{"start":{"line":52,"column":0},"end":{"line":52,"column":9}},"52":{"start":{"line":53,"column":0},"end":{"line":53,"column":63}},"53":{"start":{"line":54,"column":0},"end":{"line":54,"column":0}},"54":{"start":{"line":55,"column":0},"end":{"line":55,"column":99}},"55":{"start":{"line":56,"column":0},"end":{"line":56,"column":0}},"56":{"start":{"line":57,"column":0},"end":{"line":57,"column":68}},"57":{"start":{"line":58,"column":0},"end":{"line":58,"column":56}},"58":{"start":{"line":59,"column":0},"end":{"line":59,"column":1}},"59":{"start":{"line":60,"column":0},"end":{"line":60,"column":0}},"60":{"start":{"line":61,"column":0},"end":{"line":61,"column":55}},"61":{"start":{"line":62,"column":0},"end":{"line":62,"column":81}},"62":{"start":{"line":63,"column":0},"end":{"line":63,"column":63}},"63":{"start":{"line":64,"column":0},"end":{"line":64,"column":0}},"64":{"start":{"line":65,"column":0},"end":{"line":65,"column":57}},"65":{"start":{"line":66,"column":0},"end":{"line":66,"column":78}},"66":{"start":{"line":67,"column":0},"end":{"line":67,"column":20}},"67":{"start":{"line":68,"column":0},"end":{"line":68,"column":54}},"68":{"start":{"line":69,"column":0},"end":{"line":69,"column":0}},"69":{"start":{"line":70,"column":0},"end":{"line":70,"column":65}},"70":{"start":{"line":71,"column":0},"end":{"line":71,"column":25}},"71":{"start":{"line":72,"column":0},"end":{"line":72,"column":60}},"72":{"start":{"line":73,"column":0},"end":{"line":73,"column":1}},"73":{"start":{"line":74,"column":0},"end":{"line":74,"column":0}},"74":{"start":{"line":75,"column":0},"end":{"line":75,"column":36}}},"s":{"0":1,"1":1,"2":1,"3":5,"4":5,"5":5,"6":5,"7":1,"8":1,"9":5,"10":13,"11":1,"12":1,"13":1,"14":13,"15":5,"16":1,"17":1,"18":4,"19":4,"20":4,"21":4,"22":4,"23":4,"24":4,"25":4,"26":4,"27":4,"28":4,"29":1,"30":1,"31":4,"32":4,"33":4,"34":4,"35":4,"36":4,"37":4,"38":4,"39":4,"40":4,"41":4,"42":4,"43":4,"44":4,"45":4,"46":4,"47":4,"48":4,"49":4,"50":4,"51":4,"52":4,"53":4,"54":4,"55":4,"56":4,"57":4,"58":4,"59":1,"60":1,"61":8,"62":8,"63":8,"64":8,"65":8,"66":8,"67":8,"68":6,"69":6,"70":8,"71":8,"72":8,"73":1,"74":1},"branchMap":{"0":{"type":"branch","line":3,"loc":{"start":{"line":3,"column":37},"end":{"line":7,"column":1}},"locations":[{"start":{"line":3,"column":37},"end":{"line":7,"column":1}}]},"1":{"type":"branch","line":9,"loc":{"start":{"line":9,"column":31},"end":{"line":16,"column":1}},"locations":[{"start":{"line":9,"column":31},"end":{"line":16,"column":1}}]},"2":{"type":"branch","line":10,"loc":{"start":{"line":10,"column":38},"end":{"line":15,"column":7}},"locations":[{"start":{"line":10,"column":38},"end":{"line":15,"column":7}}]},"3":{"type":"branch","line":11,"loc":{"start":{"line":11,"column":30},"end":{"line":14,"column":9}},"locations":[{"start":{"line":11,"column":30},"end":{"line":14,"column":9}}]},"4":{"type":"branch","line":18,"loc":{"start":{"line":18,"column":24},"end":{"line":29,"column":1}},"locations":[{"start":{"line":18,"column":24},"end":{"line":29,"column":1}}]},"5":{"type":"branch","line":31,"loc":{"start":{"line":31,"column":25},"end":{"line":59,"column":1}},"locations":[{"start":{"line":31,"column":25},"end":{"line":59,"column":1}}]},"6":{"type":"branch","line":53,"loc":{"start":{"line":53,"column":7},"end":{"line":53,"column":52}},"locations":[{"start":{"line":53,"column":7},"end":{"line":53,"column":52}}]},"7":{"type":"branch","line":53,"loc":{"start":{"line":53,"column":7},"end":{"line":53,"column":63}},"locations":[{"start":{"line":53,"column":7},"end":{"line":53,"column":63}}]},"8":{"type":"branch","line":58,"loc":{"start":{"line":58,"column":8},"end":{"line":58,"column":14}},"locations":[{"start":{"line":58,"column":8},"end":{"line":58,"column":14}}]},"9":{"type":"branch","line":61,"loc":{"start":{"line":61,"column":25},"end":{"line":73,"column":1}},"locations":[{"start":{"line":61,"column":25},"end":{"line":73,"column":1}}]},"10":{"type":"branch","line":62,"loc":{"start":{"line":62,"column":8},"end":{"line":62,"column":43}},"locations":[{"start":{"line":62,"column":8},"end":{"line":62,"column":43}}]},"11":{"type":"branch","line":62,"loc":{"start":{"line":62,"column":43},"end":{"line":62,"column":81}},"locations":[{"start":{"line":62,"column":43},"end":{"line":62,"column":81}}]},"12":{"type":"branch","line":63,"loc":{"start":{"line":63,"column":8},"end":{"line":63,"column":14}},"locations":[{"start":{"line":63,"column":8},"end":{"line":63,"column":14}}]},"13":{"type":"branch","line":66,"loc":{"start":{"line":66,"column":37},"end":{"line":66,"column":78}},"locations":[{"start":{"line":66,"column":37},"end":{"line":66,"column":78}}]},"14":{"type":"branch","line":68,"loc":{"start":{"line":68,"column":8},"end":{"line":68,"column":14}},"locations":[{"start":{"line":68,"column":8},"end":{"line":68,"column":14}}]},"15":{"type":"branch","line":68,"loc":{"start":{"line":68,"column":8},"end":{"line":71,"column":7}},"locations":[{"start":{"line":68,"column":8},"end":{"line":71,"column":7}}]},"16":{"type":"branch","line":72,"loc":{"start":{"line":72,"column":8},"end":{"line":72,"column":14}},"locations":[{"start":{"line":72,"column":8},"end":{"line":72,"column":14}}]}},"b":{"0":[5],"1":[5],"2":[13],"3":[1],"4":[4],"5":[4],"6":[3],"7":[1],"8":[1],"9":[8],"10":[0],"11":[4],"12":[0],"13":[6],"14":[2],"15":[6],"16":[0]},"fnMap":{"0":{"name":"Object.<anonymous>.recipientValidator.checkRecipient","decl":{"start":{"line":3,"column":37},"end":{"line":7,"column":1}},"loc":{"start":{"line":3,"column":37},"end":{"line":7,"column":1}},"line":3},"1":{"name":"validateRecipientInfo","decl":{"start":{"line":9,"column":31},"end":{"line":16,"column":1}},"loc":{"start":{"line":9,"column":31},"end":{"line":16,"column":1}},"line":9},"2":{"name":"validateAgency","decl":{"start":{"line":18,"column":24},"end":{"line":29,"column":1}},"loc":{"start":{"line":18,"column":24},"end":{"line":29,"column":1}},"line":18},"3":{"name":"validateAccount","decl":{"start":{"line":31,"column":25},"end":{"line":59,"column":1}},"loc":{"start":{"line":31,"column":25},"end":{"line":59,"column":1}},"line":31},"4":{"name":"validateByScheme","decl":{"start":{"line":61,"column":25},"end":{"line":73,"column":1}},"loc":{"start":{"line":61,"column":25},"end":{"line":73,"column":1}},"line":61}},"f":{"0":5,"1":5,"2":4,"3":4,"4":8}}
}
