TN:
SF:src/app/Domains/Recipient/Parser.js
FN:3,Object.<anonymous>.recipientParser.parserCreate
FNF:1
FNH:1
FNDA:1,Object.<anonymous>.recipientParser.parserCreate
DA:1,1
DA:2,1
DA:3,1
DA:4,1
DA:5,1
DA:6,1
DA:7,1
DA:8,1
DA:9,1
DA:10,1
DA:11,1
DA:12,1
DA:13,1
DA:14,1
DA:15,1
DA:16,1
DA:17,1
LF:17
LH:17
BRDA:3,0,0,1
BRF:1
BRH:1
end_of_record
TN:
SF:src/app/Domains/Recipient/Validator.js
FN:3,Object.<anonymous>.recipientValidator.checkRecipient
FN:9,validateRecipientInfo
FN:18,validateAgency
FN:31,validateAccount
FN:61,validateByScheme
FNF:5
FNH:5
FNDA:5,Object.<anonymous>.recipientValidator.checkRecipient
FNDA:5,validateRecipientInfo
FNDA:4,validateAgency
FNDA:4,validateAccount
FNDA:8,validateByScheme
DA:1,1
DA:2,1
DA:3,1
DA:4,5
DA:5,5
DA:6,5
DA:7,5
DA:8,1
DA:9,1
DA:10,5
DA:11,13
DA:12,1
DA:13,1
DA:14,1
DA:15,13
DA:16,5
DA:17,1
DA:18,1
DA:19,4
DA:20,4
DA:21,4
DA:22,4
DA:23,4
DA:24,4
DA:25,4
DA:26,4
DA:27,4
DA:28,4
DA:29,4
DA:30,1
DA:31,1
DA:32,4
DA:33,4
DA:34,4
DA:35,4
DA:36,4
DA:37,4
DA:38,4
DA:39,4
DA:40,4
DA:41,4
DA:42,4
DA:43,4
DA:44,4
DA:45,4
DA:46,4
DA:47,4
DA:48,4
DA:49,4
DA:50,4
DA:51,4
DA:52,4
DA:53,4
DA:54,4
DA:55,4
DA:56,4
DA:57,4
DA:58,4
DA:59,4
DA:60,1
DA:61,1
DA:62,8
DA:63,8
DA:64,8
DA:65,8
DA:66,8
DA:67,8
DA:68,8
DA:69,6
DA:70,6
DA:71,8
DA:72,8
DA:73,8
DA:74,1
DA:75,1
LF:75
LH:75
BRDA:3,0,0,5
BRDA:9,1,0,5
BRDA:10,2,0,13
BRDA:11,3,0,1
BRDA:18,4,0,4
BRDA:31,5,0,4
BRDA:53,6,0,3
BRDA:53,7,0,1
BRDA:58,8,0,1
BRDA:61,9,0,8
BRDA:62,10,0,0
BRDA:62,11,0,4
BRDA:63,12,0,0
BRDA:66,13,0,6
BRDA:68,14,0,2
BRDA:68,15,0,6
BRDA:72,16,0,0
BRF:17
BRH:14
end_of_record
